<?xml version="1.0" encoding="UTF-8"?>
<testng-results ignored="0" total="1" passed="1" failed="0" skipped="0">
  <reporter-output>
  </reporter-output>
  <suite started-at="2025-04-27T22:02:25 ICT" name="Surefire suite" finished-at="2025-04-27T22:02:32 ICT" duration-ms="6413">
    <groups>
    </groups>
    <test started-at="2025-04-27T22:02:25 ICT" name="Surefire test" finished-at="2025-04-27T22:02:32 ICT" duration-ms="6413">
      <class name="tests.GmailUnreadEmailTest">
        <test-method is-config="true" signature="setUp()[pri:0, instance:tests.GmailUnreadEmailTest@647fd8ce]" started-at="2025-04-27T22:02:25 ICT" name="setUp" finished-at="2025-04-27T22:02:28 ICT" duration-ms="2937" status="PASS">
          <reporter-output>
          </reporter-output>
        </test-method> <!-- setUp -->
        <test-method signature="testLogLastUnreadEmailTitle()[pri:0, instance:tests.GmailUnreadEmailTest@647fd8ce]" started-at="2025-04-27T22:02:28 ICT" name="testLogLastUnreadEmailTitle" finished-at="2025-04-27T22:02:31 ICT" duration-ms="3074" status="PASS">
          <reporter-output>
          </reporter-output>
        </test-method> <!-- testLogLastUnreadEmailTitle -->
        <test-method is-config="true" signature="tearDown()[pri:0, instance:tests.GmailUnreadEmailTest@647fd8ce]" started-at="2025-04-27T22:02:31 ICT" name="tearDown" finished-at="2025-04-27T22:02:32 ICT" duration-ms="362" status="PASS">
          <reporter-output>
          </reporter-output>
        </test-method> <!-- tearDown -->
      </class> <!-- tests.GmailUnreadEmailTest -->
    </test> <!-- Surefire test -->
  </suite> <!-- Surefire suite -->
</testng-results>
