<?xml version="1.0" encoding="UTF-8"?>
<testng-results ignored="0" total="1" passed="1" failed="0" skipped="0">
  <reporter-output>
  </reporter-output>
  <suite started-at="2025-04-27T22:11:58 ICT" name="Surefire suite" finished-at="2025-04-27T22:12:04 ICT" duration-ms="5849">
    <groups>
    </groups>
    <test started-at="2025-04-27T22:11:58 ICT" name="Surefire test" finished-at="2025-04-27T22:12:04 ICT" duration-ms="5849">
      <class name="tests.GmailUnreadEmailTest">
        <test-method is-config="true" signature="setUp()[pri:0, instance:tests.GmailUnreadEmailTest@647fd8ce]" started-at="2025-04-27T22:11:58 ICT" name="setUp" finished-at="2025-04-27T22:12:01 ICT" duration-ms="2692" status="PASS">
          <reporter-output>
          </reporter-output>
        </test-method> <!-- setUp -->
        <test-method signature="testLogFiveUnreadEmailTitles()[pri:0, instance:tests.GmailUnreadEmailTest@647fd8ce]" started-at="2025-04-27T22:12:01 ICT" name="testLogFiveUnreadEmailTitles" finished-at="2025-04-27T22:12:04 ICT" duration-ms="2743" status="PASS">
          <reporter-output>
          </reporter-output>
        </test-method> <!-- testLogFiveUnreadEmailTitles -->
        <test-method is-config="true" signature="tearDown()[pri:0, instance:tests.GmailUnreadEmailTest@647fd8ce]" started-at="2025-04-27T22:12:04 ICT" name="tearDown" finished-at="2025-04-27T22:12:04 ICT" duration-ms="374" status="PASS">
          <reporter-output>
          </reporter-output>
        </test-method> <!-- tearDown -->
      </class> <!-- tests.GmailUnreadEmailTest -->
    </test> <!-- Surefire test -->
  </suite> <!-- Surefire suite -->
</testng-results>
